```

```
- <Event xmlns="http://schemas.microsoft.com/win/2004/08/events/event">
- <System>
  <Provider Name="Microsoft-Windows-TerminalServices-ClientActiveXCore" Guid="{28aa95bb-d444-4719-a36f-40462168127e}" /> 
  <EventID>1026</EventID> 
  <Version>0</Version> 
  <Level>4</Level> 
  <Task>101</Task> 
  <Opcode>11</Opcode> 
  <Keywords>0x4000000000000000</Keywords> 
  <TimeCreated SystemTime="2023-07-14T14:06:33.6543161Z" /> 
  <EventRecordID>1643</EventRecordID> 
  <Correlation ActivityID="{780cf827-0ed1-4f4b-924c-3b14e7660000}" /> 
  <Execution ProcessID="11136" ThreadID="3624" /> 
  <Channel>Microsoft-Windows-TerminalServices-RDPClient/Operational</Channel> 
  <Computer>HLPC01</Computer> 
  <Security UserID="S-1-5-21-3471133136-2963561160-3931775028-1001" /> 
  </System>
- <EventData>
  <Data Name="Name">Disconnect Reason</Data> 
  <Data Name="Value">1</Data> 
  <Data Name="CustomLevel">Info</Data> 
  </EventData>
  </Event>
```
<sup><sub>This example was produced on Windows 10, Version 10.0.19044 Build 19044</sub></sup>
```

`network/evtx-2004-firewall.md`:

```md
# Microsoft-Windows-Windows Firewall With Advanced Security/Firewall/2004: Firewall Rule Added
This event indicates that a new firewall rule has been added to the Windows Firewall.

> [!NOTE]
> In recent builds of Windows 11, this event has been replaced by a new event ID, [Microsoft-Windows-Windows Firewall With Advanced Security/Firewall/2071: Firewall Rule Added](/network/evtx-2071-firewall-windows-11.md).

### Analysis Value
 - [x] Account - Security Identifier (SID)
 - [x] Execution - Full Path
 - [x] Execution - Permissions / Account
 - [x] Execution - Process Tree
 - [x] Execution - Evidence of Execution
 - [x] Network Activity - Firewall Activity

## Operating System Availability
 - [x] Windows 11 (⚠️ Event ID changed to 2071)
 - [x] Windows 10
 - [x] Windows 8
 - [x] Windows 7
 - [x] Windows Vista

## Artifact Location(s)
- `%SystemRoot%\System32\Winevt\Logs\Microsoft-Windows-Windows Firewall With Advanced Security%4Firewall.evtx`

## Artifact Interpretation
### Account - Security Identifier (SID)
The `System/Security/UserID` and `EventData/ModifyingUser` fields of this event provides the [Security Identifier (SID)](/README.md/#account---security-identifier-sid) of the account that added the new firewall rule.

### Execution - Full Path
The full image path for the process that added the new firewall rule will be available in the `EventData/ModifyingApplication` field of this event. 

### Execution - Permissions / Account
The `System/Security/UserID` and `EventData/ModifyingUser` fields of this event provides the [Security Identifier (SID)](/README.md/#account---security-identifier-sid) of the account that added the new firewall rule.

### Execution - Process Tree
The Process and Thread ID of the process that created the new firewall rule will be available in the `System/Execution/ProcessID` and `System/Execution/ThreadID` fields of this event, respectively. 

### Execution - Evidence of Execution
The presence of this event indicates that the executable present in the `EventData/ModifyingApplication` field of this event was run.

### Network Activity - Firewall Activity
The presence of this event indicates that the firewall was modified by adding a new rule. This may be indicative of attacker activity. There are many legitimate processes such as `svchost.exe` that will be observed modifying the Windows Firewall, so this event should be correlated with others.

### Additional Fields
The following additional fields are available in this event:

| XML Path                  | Interpretation                                                            |
| ------------------------- | ------------------------------------------------------------------------- |
| EventData/RuleId          | A GUID for the new firewall rule                                          |
| EventData/RuleName        | The name for the firewall rule as it appears in the Windows Firewall      |
| EventData/Direction       | 1 for inbound rules and 2 for outbound rules                              |
| EventData/Profiles        | What profiles (Private/Domain/Public) this rule applies to.               |
| EventData/Active          | 0 for disabled rules and 1 for enabled rules                              |
| EventData/Action          | 3 for allow and 2 for block                                               |
| EventData/SecurityOptions | 0 for none and 1 for require authentication                               |
| EventData/ApplicationPath | If the rule applies only to a specific application it will be listed here |
| EventData/ServiceName     | If the rule applies only to a specific service it will be listed here     |


## Example - Windows 10
On an example system, a new Windows Firewall rule was added from the command line, causing the following event to be logged:

```
- 
<Event
	xmlns="http://schemas.microsoft.com/win/2004/08/events/event">
-   <System>
		<Provider Name="Microsoft-Windows-Windows Firewall With Advanced Security" Guid="{d1bc9aff-2abf-4d71-9146-ecb2a986eb85}" />
		<EventID>2004</EventID>
		<Version>0</Version>
		<Level>4</Level>
		<Task>0</Task>
		<Opcode>0</Opcode>
		<Keywords>0x8000020000000000</Keywords>
		<TimeCreated SystemTime="2023-05-04T17:01:45.8409961Z" />
		<EventRecordID>6661</EventRecordID>
		<Correlation />
		<Execution ProcessID="2352" ThreadID="19044" />
		<Channel>Microsoft-Windows-Windows Firewall With Advanced Security/Firewall</Channel>
		<Computer>HLPC01</Computer>
		<Security UserID="S-1-5-19" />
	</System>
-   <EventData>
		<Data Name="RuleId">{8736B31E-8792-452E-8D2D-C45621F236AF}</Data>
		<Data Name="RuleName">Open SSH Port 22</Data>
		<Data Name="Origin">1</Data>
		<Data Name="ApplicationPath" />
		<Data Name="ServiceName" />
		<Data Name="Direction">1</Data>
		<Data Name="Protocol">6</Data>
		<Data Name="LocalPorts">22</Data>
		<Data Name="RemotePorts">*</Data>
		<Data Name="Action">3</Data>
		<Data Name="Profiles">2147483647</Data>
		<Data Name="LocalAddresses">*</Data>
		<Data Name="RemoteAddresses">*</Data>
		<Data Name="RemoteMachineAuthorizationList" />
		<Data Name="RemoteUserAuthorizationList" />
		<Data Name="EmbeddedContext" />
		<Data Name="Flags">1</Data>
		<Data Name="Active">1</Data>
		<Data Name="EdgeTraversal">0</Data>
		<Data Name="LooseSourceMapped">0</Data>
		<Data Name="SecurityOptions">0</Data>
		<Data Name="ModifyingUser">S-1-5-21-3471133136-2963561160-3931775028-1001</Data>
		<Data Name="ModifyingApplication">C:\Windows\System32\netsh.exe</Data>
		<Data Name="SchemaVersion">542</Data>
		<Data Name="RuleStatus">65536</Data>
		<Data Name="LocalOnlyMapped">0</Data>
	</EventData>
</Event>
```

<sup><sub>This example was produced on Windows 10, Version 10.0.19044 Build 19044</sub></sup>

The following command was executed to create the new firewall rule:

```
netsh advfirewall firewall add rule name="Open SSH Port 22" dir=in action=allow protocol=TCP localport=22 remoteip=any
```

## Example - Windows 11
The same command, when executed on a Windows 11 system, results in the following event being logged:

```
- 
<Event xmlns="http://schemas.microsoft.com/win/2004/08/events/event">
-   <System>
		<Provider Name="Microsoft-Windows-Windows Firewall With Advanced Security" Guid="{d1bc9aff-2abf-4d71-9146-ecb2a986eb85}" />
		<EventID>2071</EventID>
		<Version>0</Version>
		<Level>4</Level>
		<Task>0</Task>
		<Opcode>0</Opcode>
		<Keywords>0x8000020000000000</Keywords>
		<TimeCreated SystemTime="2023-09-27T01:09:12.7137288Z" />
		<EventRecordID>545</EventRecordID>
		<Correlation />
		<Execution ProcessID="2704" ThreadID="3624" />
		<Channel>Microsoft-Windows-Windows Firewall With Advanced Security/Firewall</Channel>
		<Computer>W11</Computer>
		<Security UserID="S-1-5-19" />
	</System>
-   <EventData>
		<Data Name="RuleId">{0D458E97-4EC5-4C5C-A5A4-F9F73E769168}</Data>
		<Data Name="RuleName">Open SSH Port 22</Data>
		<Data Name="Origin">1</Data>
		<Data Name="ApplicationPath" />
		<Data Name="ServiceName" />
		<Data Name="Direction">1</Data>
		<Data Name="Protocol">6</Data>
		<Data Name="LocalPorts">22</Data>
		<Data Name="RemotePorts">*</Data>
		<Data Name="Action">3</Data>
		<Data Name="Profiles">2147483647</Data>
		<Data Name="LocalAddresses">*</Data>
		<Data Name="RemoteAddresses">*</Data>
		<Data Name="RemoteMachineAuthorizationList" />
		<Data Name="RemoteUserAuthorizationList" />
		<Data Name="EmbeddedContext" />
		<Data Name="Flags">1</Data>
		<Data Name="Active">1</Data>
		<Data Name="EdgeTraversal">0</Data>
		<Data Name="LooseSourceMapped">0</Data>
		<Data Name="SecurityOptions">0</Data>
		<Data Name="ModifyingUser">S-1-5-21-937911350-1118943250-2293061635-1001</Data>
		<Data Name="ModifyingApplication">C:\Windows\System32\netsh.exe</Data>
		<Data Name="SchemaVersion">544</Data>
		<Data Name="RuleStatus">65536</Data>
		<Data Name="LocalOnlyMapped">0</Data>
		<Data Name="ErrorCode">0</Data>
	</EventData>
</Event>
```

<sup><sub>This example was produced on Windows 11, Version 10.0.22621 Build 22621</sub></sup>
```

`network/evtx-2005-firewall.md`:

```md
# Microsoft-Windows-Windows Firewall With Advanced Security/Firewall/2005: Firewall Rule Modified
This event indicates that a firewall rule has been modified. The contents of this event will contain the new parameters of the firewall rule.

> [!NOTE]
> In recent builds of Windows 11, this event has been replaced by a new event ID, [Microsoft-Windows-Windows Firewall With Advanced Security/Firewall/2073: Firewall Rule Modified](/network/evtx-2073-firewall-windows-11.md).

### Analysis Value
 - [x] Account - Security Identifier (SID)
 - [x] Execution - Full Path
 - [x] Execution - Permissions / Account
 - [x] Execution - Process Tree
 - [x] Execution - Evidence of Execution
 - [x] Network Activity - Firewall Activity


## Operating System Availability
 - [x] Windows 11 (⚠️ Event ID changed to 2073)
 - [x] Windows 10
 - [x] Windows 8
 - [x] Windows 7
 - [x] Windows Vista

## Artifact Location(s)
- `%SystemRoot%\System32\Winevt\Logs\Microsoft-Windows-Windows Firewall With Advanced Security%4Firewall.evtx`

## Artifact Interpretation
### Account - Security Identifier (SID)
The `System/Security/UserID` and `EventData/ModifyingUser` fields of this event provides the [Security Identifier (SID)](/README.md/#account---security-identifier-sid) of the account that modified the firewall rule.

### Execution - Full Path
The full image path for the process that modified the firewall rule will be available in the `EventData/ModifyingApplication` field of this event. 

### Execution - Permissions / Account
The `System/Security/UserID` and `EventData/ModifyingUser` fields of this event provides the [Security Identifier (SID)](/README.md/#account---security-identifier-sid) of the account that modified the firewall rule.

### Execution - Process Tree
The Process and Thread ID of the process that modified the firewall rule will be available in the `System/Execution/ProcessID` and `System/Execution/ThreadID` fields of this event, respectively. 

### Execution - Evidence of Execution
The presence of this event indicates that the executable present in the `EventData/ModifyingApplication` field of this event was run.

### Network Activity - Firewall Activity
The presence of this event indicates that the firewall rule specified by the event was modified.

### Additional Fields
The following additional fields are available in this event, and they indicate the new parameters for the firewall rule that was modified:

| XML Path                  | Interpretation                                                            |
| ------------------------- | ------------------------------------------------------------------------- |
| EventData/RuleId          | The firewall rule's GUID                                          |
| EventData/RuleName        | The name for the firewall rule as it appears in the Windows Firewall      |
| EventData/Direction       | 1 for inbound rules and 2 for outbound rules                              |
| EventData/Profiles        | What profiles (Private/Domain/Public) this rule applies to.               |
| EventData/Active          | 0 for disabled rules and 1 for enabled rules                              |
| EventData/Action          | 3 for allow and 2 for block                                               |
| EventData/SecurityOptions | 0 for none and 1 for require authentication                               |
| EventData/ApplicationPath | If the rule applies only to a specific application it will be listed here |
| EventData/ServiceName     | If the rule applies only to a specific service it will be listed here     |


## Example - Windows 10
On an example system, an existing Windows Firewall rule was modified from within the Windows Defender Firewall with Advanced Security control panel, causing the following event to be logged:

```
- 
<Event
	xmlns="http://schemas.microsoft.com/win/2004/08/events/event">
-   <System>
		<Provider Name="Microsoft-Windows-Windows Firewall With Advanced Security" Guid="{d1bc9aff-2abf-4d71-9146-ecb2a986eb85}" />
		<EventID>2005</EventID>
		<Version>0</Version>
		<Level>4</Level>
		<Task>0</Task>
		<Opcode>0</Opcode>
		<Keywords>0x8000020000000000</Keywords>
		<TimeCreated SystemTime="2023-05-04T17:19:02.0655370Z" />
		<EventRecordID>6668</EventRecordID>
		<Correlation />
		<Execution ProcessID="2352" ThreadID="6516" />
		<Channel>Microsoft-Windows-Windows Firewall With Advanced Security/Firewall</Channel>
		<Computer>HLPC01</Computer>
		<Security UserID="S-1-5-19" />
	</System>
-   <EventData>
		<Data Name="RuleId">{8736B31E-8792-452E-8D2D-C45621F236AF}</Data>
		<Data Name="RuleName">Open SSH Port 22</Data>
		<Data Name="Origin">1</Data>
		<Data Name="ApplicationPath"></Data>
		<Data Name="ServiceName" />
		<Data Name="Direction">1</Data>
		<Data Name="Protocol">6</Data>
		<Data Name="LocalPorts">22</Data>
		<Data Name="RemotePorts">*</Data>
		<Data Name="Action">2</Data>
		<Data Name="Profiles">2147483647</Data>
		<Data Name="LocalAddresses">*</Data>
		<Data Name="RemoteAddresses">*</Data>
		<Data Name="RemoteMachineAuthorizationList" />
		<Data Name="RemoteUserAuthorizationList" />
		<Data Name="EmbeddedContext" />
		<Data Name="Flags">0</Data>
		<Data Name="Active">0</Data>
		<Data Name="EdgeTraversal">0</Data>
		<Data Name="LooseSourceMapped">0</Data>
		<Data Name="SecurityOptions">0</Data>
		<Data Name="ModifyingUser">S-1-5-21-3471133136-2963561160-3931775028-1001</Data>
		<Data Name="ModifyingApplication">C:\Windows\System32\mmc.exe</Data>
		<Data Name="SchemaVersion">542</Data>
		<Data Name="RuleStatus">65536</Data>
		<Data Name="LocalOnlyMapped">0</Data>
	</EventData>
</Event>
```

<sup><sub>This example was produced on Windows 10, Version 10.0.19044 Build 19044</sub></sup>

## Example - Windows 11
On an example system, an existing Windows Firewall rule was modified from within the Windows Defender Firewall with Advanced Security control panel, causing the following event to be logged:

```
- 
<Event xmlns="http://schemas.microsoft.com/win/2004/08/events/event">
-   <System>
		<Provider Name="Microsoft-Windows-Windows Firewall With Advanced Security" Guid="{d1bc9aff-2abf-4d71-9146-ecb2a986eb85}" />
		<EventID>2073</EventID>
		<Version>0</Version>
		<Level>4</Level>
		<Task>0</Task>
		<Opcode>0</Opcode>
		<Keywords>0x8000020000000000</Keywords>
		<TimeCreated SystemTime="2023-09-27T01:09:54.9122530Z" />
		<EventRecordID>550</EventRecordID>
		<Correlation />
		<Execution ProcessID="2704" ThreadID="3624" />
		<Channel>Microsoft-Windows-Windows Firewall With Advanced Security/Firewall</Channel>
		<Computer>W11</Computer>
		<Security UserID="S-1-5-19" />
	</System>
-   <EventData>
		<Data Name="RuleId">{0D458E97-4EC5-4C5C-A5A4-F9F73E769168}</Data>
		<Data Name="RuleName">Open SSH Port 22</Data>
		<Data Name="Origin">1</Data>
		<Data Name="ApplicationPath" />
		<Data Name="ServiceName" />
		<Data Name="Direction">1</Data>
		<Data Name="Protocol">6</Data>
		<Data Name="LocalPorts">22</Data>
		<Data Name="RemotePorts">*</Data>
		<Data Name="Action">3</Data>
		<Data Name="Profiles">2147483647</Data>
		<Data Name="LocalAddresses">*</Data>
		<Data Name="RemoteAddresses">*</Data>
		<Data Name="RemoteMachineAuthorizationList" />
		<Data Name="RemoteUserAuthorizationList" />
		<Data Name="EmbeddedContext" />
		<Data Name="Flags">0</Data>
		<Data Name="Active">0</Data>
		<Data Name="EdgeTraversal">0</Data>
		<Data Name="LooseSourceMapped">0</Data>
		<Data Name="SecurityOptions">0</Data>
		<Data Name="ModifyingUser">S-1-5-21-937911350-1118943250-2293061635-1001</Data>
		<Data Name="ModifyingApplication">C:\Windows\System32\mmc.exe</Data>
		<Data Name="SchemaVersion">544</Data>
		<Data Name="RuleStatus">65536</Data>
		<Data Name="LocalOnlyMapped">0</Data>
		<Data Name="ErrorCode">0</Data>
	</EventData>
</Event>
```

<sup><sub>This example was produced on Windows 11, Version 10.0.22621 Build 22621</sub></sup>
```

`network/evtx-2006-firewall.md`:

```md
# Microsoft-Windows-Windows Firewall With Advanced Security/Firewall/2006: Firewall Rule Deleted
This event indicates that a firewall rule has been deleted.

> [!NOTE]
> In recent builds of Windows 11, this event has been replaced by a new event ID, [Microsoft-Windows-Windows Firewall With Advanced Security/Firewall/2052: Firewall Rule Deleted](/network/evtx-2052-firewall-windows-11.md).

### Analysis Value
 - [x] Account - Security Identifier (SID)
 - [x] Execution - Full Path
 - [x] Execution - Permissions / Account
 - [x] Execution - Process Tree
 - [x] Execution - Evidence of Execution
 - [x] Network Activity - Firewall Activity

## Operating System Availability
 - [x] Windows 11 (⚠️ Event ID changed to 2052)
 - [x] Windows 10
 - [x] Windows 8
 - [x] Windows 7
 - [x] Windows Vista

## Artifact Location(s)
- `%SystemRoot%\System32\Winevt\Logs\Microsoft-Windows-Windows Firewall With Advanced Security%4Firewall.evtx`

## Artifact Interpretation
### Account - Security Identifier (SID)
The `System/Security/UserID` and `EventData/ModifyingUser` fields of this event provides the [Security Identifier (SID)](/README.md/#account---security-identifier-sid) of the account that deleted the firewall rule.

### Execution - Full Path
The full image path for the process that deleted the firewall rule will be available in the `EventData/ModifyingApplication` field of this event. 

### Execution - Permissions / Account
The `System/Security/UserID` and `EventData/ModifyingUser` fields of this event provides the [Security Identifier (SID)](/README.md/#account---security-identifier-sid) of the account that deleted the firewall rule.

### Execution - Process Tree
The Process and Thread ID of the process that deleted the firewall rule will be available in the `System/Execution/ProcessID` and `System/Execution/ThreadID` fields of this event, respectively. 

### Execution - Evidence of Execution
The presence of this event indicates that the executable present in the `EventData/ModifyingApplication` field of this event was run.

### Network Activity - Firewall Activity
The presence of this event indicates that the firewall rule specified by the event was deleted.

### Additional Fields
The following additional fields are available in this event, and they indicate the new parameters for the firewall rule that was deleted:

| XML Path                  | Interpretation                                                            |
| ------------------------- | ------------------------------------------------------------------------- |
| EventData/RuleId          | The firewall rule's GUID                                          |
| EventData/RuleName        | The name for the firewall rule as it appears in the Windows Firewall      |

## Example - Windows 10
On an example system, an existing Windows Firewall rule was deleted from within the Windows Defender Firewall with Advanced Security control panel, causing the following event to be logged:

```
- 
<Event
	xmlns="http://schemas.microsoft.com/win/2004/08/events/event">
-   <System>
		<Provider Name="Microsoft-Windows-Windows Firewall With Advanced Security" Guid="{d1bc9aff-2abf-4d71-9146-ecb2a986eb85}" />
		<EventID>2006</EventID>
		<Version>0</Version>
		<Level>4</Level>
		<Task>0</Task>
		<Opcode>0</Opcode>
		<Keywords>0x8000020000000000</Keywords>
		<TimeCreated SystemTime="2023-05-04T17:26:06.0482710Z" />
		<EventRecordID>6669</EventRecordID>
		<Correlation />
		<Execution ProcessID="2352" ThreadID="18980" />
		<Channel>Microsoft-Windows-Windows Firewall With Advanced Security/Firewall</Channel>
		<Computer>HLPC01</Computer>
		<Security UserID="S-1-5-19" />
	</System>
-   <EventData>
		<Data Name="RuleId">{8736B31E-8792-452E-8D2D-C45621F236AF}</Data>
		<Data Name="RuleName">Open SSH Port 22</Data>
		<Data Name="ModifyingUser">S-1-5-21-3471133136-2963561160-3931775028-1001</Data>
		<Data Name="ModifyingApplication">C:\Windows\System32\mmc.exe</Data>
	</EventData>
</Event>
```

<sup><sub>This example was produced on Windows 10, Version 10.0.19044 Build 19044</sub></sup>

## Example - Windows 11
The same activity, when reproduced on a Windows 11 system, results in the following event being logged:

```
- 
<Event xmlns="http://schemas.microsoft.com/win/2004/08/events/event">
-   <System>
		<Provider Name="Microsoft-Windows-Windows Firewall With Advanced Security" Guid="{d1bc9aff-2abf-4d71-9146-ecb2a986eb85}" />
		<EventID>2052</EventID>
		<Version>0</Version>
		<Level>4</Level>
		<Task>0</Task>
		<Opcode>0</Opcode>
		<Keywords>0x8000020000000000</Keywords>
		<TimeCreated SystemTime="2023-09-27T01:10:00.0598218Z" />
		<EventRecordID>552</EventRecordID>
		<Correlation />
		<Execution ProcessID="2704" ThreadID="3292" />
		<Channel>Microsoft-Windows-Windows Firewall With Advanced Security/Firewall</Channel>
		<Computer>W11</Computer>
		<Security UserID="S-1-5-19" />
	</System>
-   <EventData>
		<Data Name="RuleId">{0D458E97-4EC5-4C5C-A5A4-F9F73E769168}</Data>
		<Data Name="RuleName">Open SSH Port 22</Data>
		<Data Name="ModifyingUser">S-1-5-21-937911350-1118943250-2293061635-1001</Data>
		<Data Name="ModifyingApplication">C:\Windows\System32\mmc.exe</Data>
		<Data Name="ErrorCode">0</Data>
	</EventData>
</Event>
```

<sup><sub>This example was produced on Windows 11, Version 10.0.22621 Build 22621</sub></sup>
```

`network/evtx-2052-firewall-windows-11.md`:

```md
# Microsoft-Windows-Windows Firewall With Advanced Security/Firewall/2052: Firewall Rule Deleted
This event indicates that a firewall rule has been deleted from the Windows Firewall. While currently unique to newer versions of Windows 11, it is functionally similar to [Microsoft-Windows-Windows Firewall With Advanced Security/Firewall/2006: Firewall Rule Deleted](/network/evtx-2006-firewall.md).
```

`network/evtx-2071-firewall-windows-11.md`:

```md
# Microsoft-Windows-Windows Firewall With Advanced Security/Firewall/2071: Firewall Rule Added
This event indicates that a new firewall rule has been added to the Windows Firewall. While currently unique to newer versions of Windows 11, it is functionally similar to [Microsoft-Windows-Windows Firewall With Advanced Security/Firewall/2004: Firewall Rule Added](/network/evtx-2004-firewall.md).
```

`network/evtx-2073-firewall-windows-11.md`:

```md
# Microsoft-Windows-Windows Firewall With Advanced Security/Firewall/2073: Firewall Rule Modified
This event indicates that a Windows Defender Firewall rule has been modified. While currently unique to newer versions of Windows 11, it is functionally similar to [Microsoft-Windows-Windows Firewall With Advanced Security/Firewall/2005: Firewall Rule Modified](/network/evtx-2005-firewall.md).
```

`network/evtx-4778-session-reconnected.md`:

```md
# Security/4778: Session reconnected
This event, logged to the Security channel, is logged when an existing RDP terminal session is connected to, but it may also be logged as a result of Fast User Switching. Fast User Switching is a feature in newer versions of Windows (Vista+) that allows multiple users to be logged in to a single system concurrently. 

> [!IMPORTANT]  
> This event is logged on the **destination** endpoint. 

> [!NOTE]
> In windows XP, the corresponding Event ID is `682`.

### Behavioral Indications
 - [x] Behavioral - Lateral Movement (TA0008)

### Analysis Value
 - [x] Account - Login History
 - [x] Account - Logon ID
 - [x] Network Activity - Source Identification

## Operating System Availability
 - [x] Windows 11
 - [x] Windows 10
 - [x] Windows 8
 - [x] Windows 7
 - [x] Windows Vista
 - [x] Windows Server 2019
 - [x] Windows Server 2016
 - [x] Windows Server 2012 R2
 - [x] Windows Server 2012
 - [x] Windows Server 2008 R2
 - [x] Windows Server 2008

## Artifact Location(s)
- `%SystemRoot%\System32\Winevt\Logs\Security.evtx`

## Artifact Interpretation
This artifact can provide the **source** client name and IP address of the connecting endpoint. 

The fields may be interpreted as follows:

| Field Name | Interpretation |
| - | - |
| Subject / Account Name | The name of the account for this RDP session |
| Subject / Logon ID | [Logon ID](/README.md/#account---logon-id) for this session that can be used to correlate with other events |
| Additional Information / Client Name | The name of the source host |
| Additional Information / Client Address | The IP address of the source host |

## Caveats
This event is not unique to RDP sessions. During Fast User Switching events, this event will be logged with the session name set to `Console` and the Client Address set to `LOCAL`. For RDP sessions, the session name will look like: `RDP-Tcp#1`.
```

`network/evtx-5156-wfp-permitted.md`:

```md
# Security/5156: The Windows Filtering Platform has permitted a connection
This event indicates that the Windows Filtering Platform (WFP) has allowed an inbound or outbound connection to be placed. This is a high-volume event and is, by default, disabled. 

To enable it, the System Audit Polict `Windows Filtering Platform Connection` must be configured for Success and/or Failure auditing. This allows for the logging of events when:

 - The Windows Firewall Service blocks an application from accepting incoming connections on the network.
 - The WFP allows a connection.
 - The WFP blocks a connection.
 - The WFP permits a bind to a local port.
 - The WFP blocks a bind to a local port.
 - The WFP allows a connection.
 - The WFP blocks a connection.
 - The WFP permits an application or service to listen on a port for incoming connections.
 - The WFP blocks an application or service to listen on a port for incoming connections.

### Analysis Value
 - [x] Execution - Evidence of Execution
 - [x] File - Path
 - [x] Network - Evidence of Network Activity
 - [x] Network Activity - Destination Identification
 - [x] Network Activity - Source Identification
 - [x] Network Activity - Firewall Activity

## Operating System Availability
 - [x] Windows 11 (⚠️ Requires audit policy configuration)
 - [x] Windows 10 (⚠️ Requires audit policy configuration)
 - [x] Windows 8 (⚠️ Requires audit policy configuration)
 - [x] Windows 7 (⚠️ Requires audit policy configuration)

## Artifact Location(s)
- `%SystemRoot%\System32\Winevt\Logs\Security.evtx`

## Artifact Interpretation
When logged, this event indicates that Windows Filtering Platform has allowed either an inbound or outbound connection to take place. The following information is provided by the event:

| XML Path                              | Interpretation  |
| ------------------------------------- | --------------- |
| EventData/ProcessID               | The Process ID of the process that spawned or accepted the connection |
| EventData/Application        | The full path of the process that spawned or accepted the connection |
| EventData/Direction                        | %%14592 (Inbound), %%14593 (Outbound) |
| EventData/SourceAddress     | The source IP address of the connection |
| EventData/SourcePort              | The source port of the connection |
| EventData/DestAddress              | The destination IP address of the connection |
| EventData/DestPort              | The destination port of the connection |
| EventData/Protocol              | The protocol used for the connection (i.e 6 for TCP, 1 for ICMP, etc.) |

Some common protocols:

 - 1: ICMP
 - 6: TCP
 - 17: UDP

The complete list of protocols is assigned and made available from IANA (Internet Assigned Numbers Authority).

This event is logged even if the network connection never left the local system (i.e, localhost to localhost network traffic). In this case, the source and destination IP addresses will both be `127.0.0.1`.

## Example
In the following example, a DNS request was made on the local system, causing this event to be logged. Note that the `Protocol` field is `17` for UDP.
```
- <Event xmlns="http://schemas.microsoft.com/win/2004/08/events/event">
- <System>
  <Provider Name="Microsoft-Windows-Security-Auditing" Guid="{54849625-5478-4994-a5ba-3e3b0328c30d}" /> 
  <EventID>5156</EventID> 
  <Version>1</Version> 
  <Level>0</Level> 
  <Task>12810</Task> 
  <Opcode>0</Opcode> 
  <Keywords>0x8020000000000000</Keywords> 
  <TimeCreated SystemTime="2023-06-23T00:28:36.6473989Z" /> 
  <EventRecordID>15500373</EventRecordID> 
  <Correlation /> 
  <Execution ProcessID="4" ThreadID="9184" /> 
  <Channel>Security</Channel> 
  <Computer>HLPC01</Computer> 
  <Security /> 
  </System>
- <EventData>
  <Data Name="ProcessID">2780</Data> 
  <Data Name="Application">\device\harddiskvolume5\windows\system32\svchost.exe</Data> 
  <Data Name="Direction">%%14593</Data> 
  <Data Name="SourceAddress">10.100.65.234</Data> 
  <Data Name="SourcePort">50704</Data> 
  <Data Name="DestAddress">10.100.0.10</Data> 
  <Data Name="DestPort">53</Data> 
  <Data Name="Protocol">17</Data> 
  <Data Name="FilterRTID">89854</Data> 
  <Data Name="LayerName">%%14611</Data> 
  <Data Name="LayerRTID">48</Data> 
  <Data Name="RemoteUserID">S-1-0-0</Data> 
  <Data Name="RemoteMachineID">S-1-0-0</Data> 
  </EventData>
  </Event>
