```

<sup><sub>This example was produced on Windows 10, Version 10.0.19044 Build 19044</sub></sup>

In the following example, the local system received DHCP traffic. The local system is not a DHCP server, but this traffic was seen regardless as DHCP typically works by broadcasting traffic. This is an example of how noisy this event can become.
```
- <Event xmlns="http://schemas.microsoft.com/win/2004/08/events/event">
- <System>
  <Provider Name="Microsoft-Windows-Security-Auditing" Guid="{54849625-5478-4994-a5ba-3e3b0328c30d}" /> 
  <EventID>5156</EventID> 
  <Version>1</Version> 
  <Level>0</Level> 
  <Task>12810</Task> 
  <Opcode>0</Opcode> 
  <Keywords>0x8020000000000000</Keywords> 
  <TimeCreated SystemTime="2023-06-23T00:28:35.7459571Z" /> 
  <EventRecordID>15500366</EventRecordID> 
  <Correlation /> 
  <Execution ProcessID="4" ThreadID="7868" /> 
  <Channel>Security</Channel> 
  <Computer>HLPC01</Computer> 
  <Security /> 
  </System>
- <EventData>
  <Data Name="ProcessID">2148</Data> 
  <Data Name="Application">\device\harddiskvolume5\windows\system32\svchost.exe</Data> 
  <Data Name="Direction">%%14592</Data> 
  <Data Name="SourceAddress">0.0.0.0</Data> 
  <Data Name="SourcePort">68</Data> 
  <Data Name="DestAddress">255.255.255.255</Data> 
  <Data Name="DestPort">67</Data> 
  <Data Name="Protocol">17</Data> 
  <Data Name="FilterRTID">65886</Data> 
  <Data Name="LayerName">%%14610</Data> 
  <Data Name="LayerRTID">44</Data> 
  <Data Name="RemoteUserID">S-1-0-0</Data> 
  <Data Name="RemoteMachineID">S-1-0-0</Data> 
  </EventData>
  </Event>
```

<sup><sub>This example was produced on Windows 10, Version 10.0.19044 Build 19044</sub></sup>
```

`network/evtx-8001-wlan-connect.md`:

```md
# Microsoft-Windows-WLAN-AutoConfig/Operational/8001: Successfully Connected to a Wireless Network
This event indicates that the system has connected successfully to a wireless area network.

### Analysis Value
 - [x] Network - Evidence of Network Activity
 - [x] Network - Wireless Activity

## Operating System Availability
 - [x] Windows 11
 - [x] Windows 10
 - [x] Windows 8
 - [x] Windows 7
 - [x] Windows Vista


## Artifact Location(s)
- `%SystemRoot%\System32\Winevt\Logs\Microsoft-Windows-WLAN-AutoConfig%4Operational.evtx`

## Artifact Interpretation
When logged, this event indicates that the system has successfully connected to a wireless area network. This event provides the following additional information regarding the connection:

| XML Path                              | Interpretation  |
| ------------------------------------- | --------------- |
| EventData/InterfaceGuid               | The wireless adapter's [Interface GUID](/enumeration/network-cards.md) |
| EventData/InterfaceDescription        | The name of the wireless adapter |
| EventData/SSID                        | The SSID of the network that was connected to |
| EventData/AuthenticationAlgorithm     | The security protocol used to connect to the wireless network (i.e. WEP, WPA2, etc.) |
| EventData/ConnectionMode              | If the wireless network was set to be joined automatically, this will read "Automatic connection with a profile", otherwise, this will read "Connection to a secure network without a profile" |

Together with the event [Microsoft-Windows-WLAN-AutoConfig/Operational/8003: Successfully Disconnected from a Wireless Network](network/evtx-8003-wlan-disconnect), this can be used to determine a timestan during which a system was connected to a wireless area network.

## Example
```
- <Event xmlns="http://schemas.microsoft.com/win/2004/08/events/event">
- <System>
  <Provider Name="Microsoft-Windows-WLAN-AutoConfig" Guid="{9580d7dd-0379-4658-9870-d5be7d52d6de}" /> 
  <EventID>8001</EventID> 
  <Version>0</Version> 
  <Level>4</Level> 
  <Task>24010</Task> 
  <Opcode>190</Opcode> 
  <Keywords>0x8000000020000600</Keywords> 
  <TimeCreated SystemTime="2022-10-27T04:37:47.1583133Z" /> 
  <EventRecordID>6</EventRecordID> 
  <Correlation /> 
  <Execution ProcessID="3132" ThreadID="3188" /> 
  <Channel>Microsoft-Windows-WLAN-AutoConfig/Operational</Channel> 
  <Computer>HLPC01</Computer> 
  <Security UserID="S-1-5-18" /> 
  </System>
- <EventData>
  <Data Name="InterfaceGuid">{a7d8885d-10c1-43d4-9e1e-0a7b2678f020}</Data> 
  <Data Name="InterfaceDescription">Intel(R) Wi-Fi 6 AX200 160MHz</Data> 
  <Data Name="ConnectionMode">Connection to a secure network without a profile</Data> 
  <Data Name="ProfileName">SSID_TEST</Data> 
  <Data Name="SSID">SSID_TEST</Data> 
  <Data Name="BSSType">Infrastructure</Data> 
  <Data Name="PHYType">802.11ax</Data> 
  <Data Name="AuthenticationAlgorithm">WPA2-Personal</Data> 
  <Data Name="CipherAlgorithm">AES-CCMP</Data> 
  <Data Name="OnexEnabled">0</Data> 
  <Data Name="ConnectionId">0x2</Data> 
  <Data Name="NonBroadcast">false</Data> 
  </EventData>
  </Event>
```

<sup><sub>This example was produced on Windows 10, Version 10.0.19044 Build 19044</sub></sup>
```

`network/evtx-8003-wlan-disconnect.md`:

```md
# Microsoft-Windows-WLAN-AutoConfig/Operational/8003: Successfully Disconnected from a Wireless Network
This event indicates that the system has disconnected from a wireless area network.

### Analysis Value
 - [x] Network - Evidence of Network Activity
 - [x] Network - Wireless Activity

## Operating System Availability
 - [x] Windows 11
 - [x] Windows 10
 - [x] Windows 8
 - [x] Windows 7
 - [x] Windows Vista


## Artifact Location(s)
- `%SystemRoot%\System32\Winevt\Logs\Microsoft-Windows-WLAN-AutoConfig%4Operational.evtx`

## Artifact Interpretation
When logged, this event indicates that the system has successfully disconnected from a wireless area network. This event provides the following additional information regarding the connection:

| XML Path                              | Interpretation  |
| ------------------------------------- | --------------- |
| EventData/InterfaceGuid               | The wireless adapter's [Interface GUID](/enumeration/network-cards.md) |
| EventData/InterfaceDescription        | The name of the wireless adapter |
| EventData/SSID                        | The SSID of the network that was connected to |
| EventData/Reason              | Provides the reason this network was disconnected from |

Together with the event [Microsoft-Windows-WLAN-AutoConfig/Operational/8001: Successfully Connected to a Wireless Network](network/evtx-8001-wlan-connect), this can be used to determine a timespan during which a system was connected to a wireless area network.

## Example
```
- <Event xmlns="http://schemas.microsoft.com/win/2004/08/events/event">
- <System>
  <Provider Name="Microsoft-Windows-WLAN-AutoConfig" Guid="{9580d7dd-0379-4658-9870-d5be7d52d6de}" /> 
  <EventID>8003</EventID> 
  <Version>0</Version> 
  <Level>4</Level> 
  <Task>24010</Task> 
  <Opcode>192</Opcode> 
  <Keywords>0x8000000040000600</Keywords> 
  <TimeCreated SystemTime="2023-06-16T03:05:19.9479495Z" /> 
  <EventRecordID>1321</EventRecordID> 
  <Correlation /> 
  <Execution ProcessID="4276" ThreadID="5544" /> 
  <Channel>Microsoft-Windows-WLAN-AutoConfig/Operational</Channel> 
  <Computer>HLPC01</Computer> 
  <Security UserID="S-1-5-18" /> 
  </System>
- <EventData>
  <Data Name="InterfaceGuid">{a7d8885d-10c1-43d4-9e1e-0a7b2678f020}</Data> 
  <Data Name="InterfaceDescription">Intel(R) Wi-Fi 6 AX200 160MHz</Data> 
  <Data Name="ConnectionMode">Automatic connection with a profile</Data> 
  <Data Name="ProfileName">SSID_TEST</Data> 
  <Data Name="SSID">SSID_TEST</Data> 
  <Data Name="BSSType">Infrastructure</Data> 
  <Data Name="Reason">The network is disconnected due to a policy disabling auto connect on this interface.</Data> 
  <Data Name="ConnectionId">0x1</Data> 
  <Data Name="ReasonCode">5</Data> 
  </EventData>
  </Event>
```

<sup><sub>This example was produced on Windows 10, Version 10.0.19044 Build 19044</sub></sup>
```

`network/rdp-bitmap-cache.md`:

```md
# RDP Persistent Bitmap Cache
The persistent bitmap cache is a feature of Microsoft Remote Desktop's GDI Acceleration Extension that stores small chunks of images that were present during an RDP session. The goal is to reduce the bandwidth used by a remote desktop connection to increase performance at the cost of storage. As a forensic artifact, these bitmaps are valuable as they provide, to some extent, visual history of RDP sessions that have taken place from a system.

### Behavioral Indications
 - [x] Behavioral - Lateral Movement (TA0008)

### Analysis Value
 - [x] Network - Evidence of Network Activity

## Operating System Availability
 - [x] Windows 11
 - [x] Windows 10
 - [x] Windows 8
 - [x] Windows 7
 - [x] Windows Vista
 - [x] Windows XP

## Artifact Location(s)
 - `%UserProfile%\AppData\Local\Microsoft\Terminal Server Client\Cache` (Windows Vista and later)
 - `C:\Documents and Settings\{USERNAME}\Local Settings\Application Data\Microsoft\Terminal Server Client\Cache` (Windows XP)

## Artifact Parsers
 - [bmc-tools](https://github.com/ANSSI-FR/bmc-tools)

## Artifact Interpretation
In this artifact's directory, you will find two types of files, each serving a similar purpose, `.bmc` and `.bin`. The `.bmc` files are typically observed on older versions of Microsoft Remote Desktop client, whereas newer versions will store data in the `.bin` files. The [bmc-tools](https://github.com/ANSSI-FR/bmc-tools) utility is able to parse both of these filetypes.

When the bitmap data is extracted, it will provide tiles containing snapshots of activity that has taken place interactively through an RDP session. They will be scrambled in no particular order, so it may take some work to stitch these images back together in a coherent manner.

The presence of these `.bmc` and `.bin` files indicates that the system on which they were found established an RDP connection to another system through RDP.

In modern versions of Microsoft Remote Desktop Client, the `.bmc` file is created when and RDP connection is established, and the `.bin` files are created or modified when that RDP connection is closed. As such, the most recent modification timestamp among these files indicates the last time an RDP connection was established from the system, assuming that `Persistent Bitmap Caching` was enabled for that session. In the case that it was not enabled, neither the `.bmc` nor the `.bin` files will be created.
```

`network/terminal-server-client-keys.md`:

```md
# Terminal Server Client Registry Keys
These registry keys store information regarding options selected by a user during the establishment of an RDP session, such as:

 - Ignoring an untrusted certificate
 - Username used to log in to the remote system via RDP

### Behavioral Indications
 - [x] Behavioral - Lateral Movement (TA0008)

### Analysis Value
 - [x] Network - Evidence of Network Activity

## Operating System Availability
 - [x] Windows 11
 - [x] Windows 10
 - [x] Windows 8
 - [x] Windows 7
 - [x] Windows Vista

## Artifact Location(s)
🔋 Live System:
- `HKEY_CURRENT_USER\SOFTWARE\Microsoft\Terminal Server Client\Servers`

🔌 Offline system:
- File: `%UserProfile%\NTUSER.DAT`
- Key: `SOFTWARE\Microsoft\Terminal Server Client\Servers`

## Artifact Parsers
 - RegistryExplorer (Eric Zimmerman)

## Artifact Interpretation
Under the `Servers` key there will be additional keys, one for each remote system that the local system has connected to via RDP. These keys are created when connecting to the remote system for the first time. The name of the key will be either the IP Address or the domain name used to connect to the remote system. 

The `CertHash` value is created if the remote system has an untrusted certificate, and the user establishing the RDP connection has selected to proceed anyway as well as to never be notified of the certificate error again.

The `UsernameHint` value is created afterwards, and only when a logon succeeds. It stores the most recent username that the local system used to authenticate to the remote system via RDP.

## Example
The following example log, captured by Procmon on a Windows 10 system, shows the activity that takes place when a test user establishes a first-time connection to a remote system and authenticates successfully. In this instance, the user selected to not be notified of the untrusted certificate in the future, hence the creation of the `CertHash` key, and authenticated with the username `user`.

| Time of Day | Process Name | Operation    | Path                                                                                                 | Detail                                                                               |
|-------------|--------------|--------------|------------------------------------------------------------------------------------------------------|--------------------------------------------------------------------------------------|
| 7:45:57 PM  | mstsc.exe    | RegCreateKey | HKCU\SOFTWARE\Microsoft\Terminal Server Client\Servers\desktop-ks82313.example.internal              | Desired Access: Write, Disposition: REG_CREATED_NEW_KEY                              |
| 7:45:57 PM  | mstsc.exe    | RegSetValue  | HKCU\SOFTWARE\Microsoft\Terminal Server Client\Servers\desktop-ks82313.example.internal\CertHash     | Type: REG_BINARY, Length: 32, Data: CB D1 82 3E 90 20 CB B0 EE A3 E0 64 35 31 95 F0  |
| 7:45:57 PM  | mstsc.exe    | TCP Connect  | desktop-ks82313.example.internal:59521 -> desktop-ks82313.example.internal:ms-wbt-server             | Length: 0, mss: 1460, sackopt: 1, tsopt: 0, wsopt: 1, rcvwin: 131400, rcvwinscale: 8 |
| 7:45:59 PM  | mstsc.exe    | RegSetValue  | HKCU\SOFTWARE\Microsoft\Terminal Server Client\Servers\desktop-ks82313.example.internal\UsernameHint | Type: REG_SZ, Length: 10, Data: user                                                 |
```

`network/terminal-services-local-21.md`:

```md
# Microsoft-Windows-TerminalServices-LocalSessionManager/Operational/21: Session logon succeeded
This event, logged to the Microsoft-Windows-TerminalServices-LocalSessionManager/Operational channel, is logged when an RDP connection is successfully authenticated. 

> [!IMPORTANT]  
> This event is logged on the **destination** endpoint. 

### Behavioral Indications
 - [x] Behavioral - Lateral Movement (TA0008)

### Analysis Value
 - [x] Account - Username
 - [x] Network Activity - Evidence of Network Activity
 - [x] Network Activity - Source Identification

## Operating System Availability
 - [x] Windows 11
 - [x] Windows 10
 - [x] Windows 8
 - [x] Windows 7
 - [x] Windows Vista
 - [x] Windows Server 2019
 - [x] Windows Server 2016
 - [x] Windows Server 2012 R2
 - [x] Windows Server 2012
 - [x] Windows Server 2008 R2
 - [x] Windows Server 2008

## Artifact Location(s)
- `%SystemRoot%\System32\Winevt\Logs\Microsoft-Windows-TerminalServices-LocalSessionManager%4Operational.evtx`

## Artifact Interpretation
### Account - Username
This event logs only the username and domain that the RDP connection was attempting to establish a session for. It is located in the XML path `UserData\EventXML\User`.

### Network Activity - Evidence of Network Activity
The presence of this event indicates that an RDP connection was established and authenticated to the system on which this event was logged.

### Network Activity - Source Identification
This artifact can provide the **source** IP address of an RDP session. This information will be in the XML path `UserData\EventXML\Address` of the event.

### SessionID Correlation
This event logs a Session ID, available in the XML path `UserData\EventXML\SessionID`. This may be used to correlate activity between other events logged in this channel.

### ActivityID Correlation
This event logs an ActivityID, available in the XML path `System\Correlation ActivityID`. This may be used to correlate activity between other events logged that are related to this activity, such as:

 - [Microsoft-Windows-TerminalServices-RemoteConnectionManager/Operational/1149](/network/terminal-services-remote-1149.md) to determine when the connection was established

### Determining Timeline of RDP Activity
Together with [Microsoft-Windows-TerminalServices-LocalSessionManager/Operational/24: Session logon succeeded](/network/terminal-services-local-24.md), by correlating the `SessionID` field of both events, one can determine the start and end time of an RDP session.

## Example
```
- <Event xmlns="http://schemas.microsoft.com/win/2004/08/events/event">
- <System>
  <Provider Name="Microsoft-Windows-TerminalServices-LocalSessionManager" Guid="{5d896912-022d-40aa-a3a8-4fa5515c76d7}" /> 
  <EventID>21</EventID> 
  <Version>0</Version> 
  <Level>4</Level> 
  <Task>0</Task> 
  <Opcode>0</Opcode> 
  <Keywords>0x1000000000000000</Keywords> 
  <TimeCreated SystemTime="2023-07-12T12:01:05.5944806Z" /> 
  <EventRecordID>1520</EventRecordID> 
  <Correlation ActivityID="{f4204024-08a2-45cd-951b-f756f64b0000}" /> 
  <Execution ProcessID="1440" ThreadID="18112" /> 
  <Channel>Microsoft-Windows-TerminalServices-LocalSessionManager/Operational</Channel> 
  <Computer>HLPC01</Computer> 
  <Security UserID="S-1-5-18" /> 
  </System>
- <UserData>
- <EventXML xmlns="Event_NS">
  <User>HLPC01\john.doe</User> 
  <SessionID>4</SessionID> 
  <Address>192.168.180.57</Address> 
  </EventXML>
  </UserData>
  </Event>
```
<sup><sub>This example was produced on Windows 10, Version 10.0.19044 Build 19044</sub></sup>
```

`network/terminal-services-local-24.md`:

```md
# Microsoft-Windows-TerminalServices-LocalSessionManager/Operational/24: Session has been disconnected
This event, logged to the Microsoft-Windows-TerminalServices-LocalSessionManager/Operational channel, is logged when an RDP connection is terminated. 

> [!IMPORTANT]  
> This event is logged on the **destination** endpoint. 

### Behavioral Indications
 - [x] Behavioral - Lateral Movement (TA0008)

### Analysis Value
 - [x] Account - Username
 - [x] Network Activity - Evidence of Network Activity
 - [x] Network Activity - Source Identification

## Operating System Availability
 - [x] Windows 11
 - [x] Windows 10
 - [x] Windows 8
 - [x] Windows 7
 - [x] Windows Vista
 - [x] Windows Server 2019
 - [x] Windows Server 2016
 - [x] Windows Server 2012 R2
 - [x] Windows Server 2012
 - [x] Windows Server 2008 R2
 - [x] Windows Server 2008

## Artifact Location(s)
- `%SystemRoot%\System32\Winevt\Logs\Microsoft-Windows-TerminalServices-LocalSessionManager%4Operational.evtx`

## Artifact Interpretation

### Account - Username
This event logs only the username and domain that the RDP connection established a session for. It is located in the XML path `UserData\EventXML\User`.

### Network Activity - Evidence of Network Activity
The presence of this event indicates that an RDP connection that was previously established and authenticated to the system on which this event was logged was terminated.

### Network Activity - Source Identification
This artifact can provide the **source** IP address of an RDP session. This information will be in the XML path `UserData\EventXML\Address` of the event.

### SessionID Correlation
This event logs a Session ID, available in the XML path `UserData\EventXML\SessionID`. This may be used to correlate activity between other events logged in this channel.

### ActivityID Correlation
This event logs an ActivityID, available in the XML path `System\Correlation ActivityID`. This may be used to correlate activity between other events logged that are related to this activity, such as:

 - [Microsoft-Windows-TerminalServices-RemoteConnectionManager/Operational/1149](/network/terminal-services-remote-1149.md) to determine when the connection was established

### Determining Timeline of RDP Activity
Together with [Microsoft-Windows-TerminalServices-LocalSessionManager/Operational/21: Session logon succeeded](/network/terminal-services-local-21.md), by correlating the `SessionID` field of both events, one can determine the start and end time of an RDP session.

## Example
```
- <Event xmlns="http://schemas.microsoft.com/win/2004/08/events/event">
- <System>
  <Provider Name="Microsoft-Windows-TerminalServices-LocalSessionManager" Guid="{5d896912-022d-40aa-a3a8-4fa5515c76d7}" /> 
  <EventID>24</EventID> 
  <Version>0</Version> 
  <Level>4</Level> 
  <Task>0</Task> 
  <Opcode>0</Opcode> 
  <Keywords>0x1000000000000000</Keywords> 
  <TimeCreated SystemTime="2023-07-12T12:46:43.1684648Z" /> 
  <EventRecordID>1544</EventRecordID> 
  <Correlation ActivityID="{f4207ac4-a73b-4efa-b345-178e7e530000}" /> 
  <Execution ProcessID="1440" ThreadID="7996" /> 
  <Channel>Microsoft-Windows-TerminalServices-LocalSessionManager/Operational</Channel> 
  <Computer>HLPC01</Computer> 
  <Security UserID="S-1-5-18" /> 
  </System>
- <UserData>
- <EventXML xmlns="Event_NS">
  <User>HLPC01\john.doe</User> 
  <SessionID>4</SessionID> 
  <Address>192.168.180.57</Address> 
  </EventXML>
  </UserData>
  </Event>
```
<sup><sub>This example was produced on Windows 10, Version 10.0.19044 Build 19044</sub></sup>
```

`network/terminal-services-remote-1149.md`:

```md
# Microsoft-Windows-TerminalServices-RemoteConnectionManager/Operational/1149
This event, logged to the Microsoft-Windows-TerminalServices-RemoteConnectionManager/Operational channel, is logged when an RDP connection is established. 

> [!WARNING]
> This event does not indicate a successfully authenticated RDP session has taken place, only that the channel has been established for an RDP attempt to be made.

> [!IMPORTANT]  
> This event is logged on the **destination** endpoint. 

### Behavioral Indications
 - [x] Behavioral - Lateral Movement (TA0008)

### Analysis Value
 - [x] Account - Username
 - [x] Network Activity - Evidence of Network Activity
 - [x] Network Activity - Source Identification

## Operating System Availability
 - [x] Windows 11
 - [x] Windows 10
 - [x] Windows 8
 - [x] Windows 7
 - [x] Windows Vista
 - [x] Windows Server 2019
 - [x] Windows Server 2016
 - [x] Windows Server 2012 R2
 - [x] Windows Server 2012
 - [x] Windows Server 2008 R2
 - [x] Windows Server 2008

## Artifact Location(s)
- `%SystemRoot%\System32\Winevt\Logs\Microsoft-Windows-TerminalServices-RemoteConnectionManager%4Operational.evtx`

## Artifact Interpretation
### Account - Username
This event logs only the username that the RDP connection was attempting to establish a session for. It is located in the XML path `UserData\EventXML\Param1`.

### Network Activity - Evidence of Network Activity
The presence of this event indicates that an RDP connection was established to the system on which this event was logged.

### Network Activity - Source Identification
This artifact can provide the **source** IP address of an RDP *connection*. This information will be in the XML path `UserData\EventXML\Param3` of the event.

### ActivityID Correlation
This event logs an ActivityID, available in the XML path `System\Correlation ActivityID`. This may be used to correlate activity between other events logged that are related to this activity, such as:

 - [Microsoft-Windows-TerminalServices-LocalSessionManager/Operational/21: Session logon succeeded](/network/terminal-services-local-21.md)

## Caveats
This event is logged regardless of success or failure of the RDP session, and must be cross-referenced with other events such as:

 - [4624: An account was successfully logged on](/account/evtx-4624-successful-logon.md)
 - [Microsoft-Windows-TerminalServices-LocalSessionManager/Operational/21: Session logon succeeded](/network/terminal-services-local-21.md)

## Example
```
- <Event xmlns="http://schemas.microsoft.com/win/2004/08/events/event">
- <System>
  <Provider Name="Microsoft-Windows-TerminalServices-RemoteConnectionManager" Guid="{c76baa63-ae81-421c-b425-340b4b24157f}" /> 
  <EventID>1149</EventID> 
  <Version>0</Version> 
  <Level>4</Level> 
  <Task>0</Task> 
  <Opcode>0</Opcode> 
  <Keywords>0x1000000000000000</Keywords> 
  <TimeCreated SystemTime="2023-07-12T12:01:19.3418899Z" /> 
  <EventRecordID>241</EventRecordID> 
  <Correlation ActivityID="{f4206c2f-b0bf-4c54-aad2-c7d2769b0000}" /> 
  <Execution ProcessID="10680" ThreadID="14208" /> 
  <Channel>Microsoft-Windows-TerminalServices-RemoteConnectionManager/Operational</Channel> 
  <Computer>HLPC01</Computer> 
  <Security UserID="S-1-5-20" /> 
  </System>
- <UserData>
- <EventXML xmlns="Event_NS">
  <Param1>john.doe</Param1> 
  <Param2 /> 
  <Param3>192.168.180.57</Param3> 
  </EventXML>
  </UserData>
  </Event>
```
<sup><sub>This example was produced on Windows 10, Version 10.0.19044 Build 19044</sub></sup>
```

`network/tracing-keys.md`:

```md
# Tracing Registry Keys
Tracing registry keys can be used to indicate that a program has initiated a network connection leveraging the Windows Remote Access Server (RAS) through the `rasapi32.dll` and `rasman.dll` libraries.

### Behavioral Indications
 - [x] Behavioral - Execution (TA0002)
 
### Analysis Value
 - [x] Execution - Evidence of Execution
 - [x] Network - Evidence of Network Activity

## Operating System Availability
 - [x] Windows 11
 - [x] Windows 10
 - [x] Windows 8
 - [x] Windows 7

## Artifact Location(s)
🔋 Live System:
- `HKEY_LOCAL_MACHINE\SOFTWARE\Microsoft\Tracing`

🔌 Offline system:
- File: `%SystemRoot%\System32\Config\SOFTWARE`
- Key: `SOFTWARE\Microsoft\Tracing`

## Artifact Parsers
 - RegistryExplorer (Eric Zimmerman)

## Artifact Interpretation
Within the `SOFTWARE\Microsoft\Tracing` key, there may be multiple subkeys with the following name formats of interest:

 - `{EXECUTABLE_FILENAME}_RASMANCS`
 - `{EXECUTABLE_FILENAME}_RASAPI32`

These filenames will not include the executable extension `.exe`.

The Last Write Timestamp of the registry key provides the first time an executable has loaded `rasapi32.dll` and `rasman.dll` in order to establish a remote network connection, typically to download a file. 

> [!IMPORTANT]
> Subsequent activity of this nature will not update the Last Write Timestamp of the registry key.
```

`persistence/evtx-5861-event-consumer-created.md`:

```md
# WMI-Activity/Operational/5861: New WMI Event Consumer
This event, logged to the WMI-Activity/Operational channel, is logged when a new WMI event consumer is registered on the system.

### Behavioral Indications
 - [x] Behavioral - Persistence (TA0003)

### Analysis Value
 - [x] Account - Security Identifier (SID)

## Operating System Availability
 - [x] Windows 11
 - [x] Windows 10
 - [x] Windows 8
 - [x] Windows 7
 - [x] Windows Vista

## Artifact Location(s)
- `%SystemRoot%\System32\Winevt\Logs\Microsoft-Windows-WMI-Activity%4Operational.evtx`

## Artifact Interpretation
Because new WMI event consumers on Windows enpoints are rather rare, this artifact provides a high-fidelity indicator of persistence activity. The information that you find in this event may vary depending on specific attacker techniques. In general, suspicious WMI event consumers will be of the following types, which are indicated in the event data for event ID `5861`:

 - `CommandLineEventConsumer`
 - `ActiveScriptEventConsumer`

## Analysis Tips
### Proximate Execution
Depending on the method an attacker has used to install a WMI event consumer, they will either have run `mofcomp.exe` or powershell. Consider cross-referencing this finding with artifacts that provide evidence of execution and searching for such activity. 

### Live System Collection
Evidence of WMI event consumers may also be queried on a live system through Powershell's Get-WMI module as follows:

`Get-WMIObject -Namespace root/Subscription -Class CommandLineEventConsumer`

## Example
![Example Image](/media/examples/wmi.png) 
```

`persistence/evtx-7045-service-install.md`:

```md
# System/7045: Service Installed
This event, logged to the System channel, is logged when a new service is installed on the system. 

### Behavioral Indications
 - [x] Behavioral - Persistence (TA0003)

### Analysis Value
 - [x] Account - Security Identifier (SID)
 - [x] File - Path

## Operating System Availability
 - [x] Windows 11
 - [x] Windows 10
 - [x] Windows 8
 - [x] Windows 7
 - [x] Windows Vista

## Artifact Location(s)
- `%SystemRoot%\System32\Winevt\Logs\System.evtx`

## Artifact Interpretation
The presence of this event in the System log indicates that a Service was installed on the system at the time the event was logged. There is no indication from this event alone that it was installed locally on the system itself, and services may be installed remotely leveraging utilities such as `sc.exe`.

### Account - Security Identifier (SID)
The `System/Security/UserID` field of this event provides the [Security Identifier (SID)](/README.md/#account---security-identifier-sid) of the account that installed the new service.

### File - Path
The `EventData\ImagePath` field of this event indicates the full path to the executable that will be run when the new service is started.ss

## Analysis Tips
In the event that the new service was installed remotely, a [Security/4624: An account was successfully logged on](account/evtx-4624-successful-logon.md) event may be logged before the new service is installed with a `LogonType` of 3. 

## Example
In the following example, the following command was executed on a domain controller:

```
sc.exe \\WKS10-01 create mynewservice binpath= c:\temp\example.exe start= auto displayname= "My new service"
```

This installed a new service on the system WKS10-01, generating the following [Security/4624: An account was successfully logged on](account/evtx-4624-successful-logon.md) event:

```
-
<Event xmlns="http://schemas.microsoft.com/win/2004/08/events/event">-
	<System>
		<ProviderName="Microsoft-Windows-Security-Auditing"Guid="{54849625-5478-4994-a5ba-3e3b0328c30d}"/>
		<EventID>4624</EventID>
		<Version>2</Version>
		<Level>0</Level>
		<Task>12544</Task>
		<Opcode>0</Opcode>
		<Keywords>0x8020000000000000</Keywords>
		<TimeCreatedSystemTime="2023-05-08T22:04:15.0931035Z"/>
		<EventRecordID>9719</EventRecordID>
		<CorrelationActivityID="{96cea955-81f8-0004-8ea9-ce96f881d901}"/>
		<ExecutionProcessID="900"ThreadID="3128"/>
		<Channel>Security</Channel>
		<Computer>WKS10-01.hlab.com</Computer>
		<Security/>
	</System>-
	<EventData>
		<DataName="SubjectUserSid">S-1-0-0</Data>
		<DataName="SubjectUserName">-</Data>
		<DataName="SubjectDomainName">-</Data>
		<DataName="SubjectLogonId">0x0</Data>
		<DataName="TargetUserSid">S-1-5-21-3829912423-625253200-3062624365-1105</Data>
		<DataName="TargetUserName">mvanburanadm</Data>
		<DataName="TargetDomainName">HLAB</Data><DataName="TargetLogonId">0xe4d79</Data>
		<DataName="LogonType">3</Data>
		<DataName="LogonProcessName">NtLmSsp</Data>
		<DataName="AuthenticationPackageName">NTLM</Data>
		<DataName="WorkstationName">HLDC01-WS2K19</Data>
		<DataName="LogonGuid">{00000000-0000-0000-0000-000000000000}</Data>
		<DataName="TransmittedServices">-</Data>
		<DataName="LmPackageName">NTLMV2</Data>
		<DataName="KeyLength">128</Data>
		<DataName="ProcessId">0x0</Data>
		<DataName="ProcessName">-</Data>
		<DataName="IpAddress">172.16.100.10</Data>
		<DataName="IpPort">49757</Data>
		<DataName="ImpersonationLevel">%%1833</Data>
		<DataName="RestrictedAdminMode">-</Data>
		<DataName="TargetOutboundUserName">-</Data>
		<DataName="TargetOutboundDomainName">-</Data>
		<DataName="VirtualAccount">%%1843</Data>
		<DataName="TargetLinkedLogonId">0x0</Data>
		<DataName="ElevatedToken">%%1842</Data>
	</EventData>
</Event>
